<?xml version="1.0" encoding="UTF-8"?>
<!-- Generated by org.testng.reporters.JUnitReportReporter -->
<testsuite hostname="DESKTOP-MA0478G" failures="0" tests="2" name="TestNG.Assertions" time="16.604" errors="0" timestamp="2023-10-05T16:21:42 BST" skipped="0">
  <testcase classname="TestNG.Assertions" name="fb" time="16.045"/>
  <testcase classname="TestNG.Assertions" name="quiting" time="0.559"/>
</testsuite> <!-- TestNG.Assertions -->
