<?xml version="1.0" encoding="UTF-8"?>
<!-- Generated by org.testng.reporters.JUnitReportReporter -->
<testsuite hostname="DESKTOP-MA0478G" failures="0" tests="1" name="TestNG_Failing.snapdeal" time="8.130" errors="0" timestamp="2023-10-06T16:21:32 BST" skipped="0">
  <testcase classname="TestNG_Failing.snapdeal" name="snaeal" time="8.130"/>
</testsuite> <!-- TestNG_Failing.snapdeal -->
