<?xml version="1.0" encoding="UTF-8"?>
<!-- Generated by org.testng.reporters.JUnitReportReporter -->
<testsuite hostname="DESKTOP-MA0478G" failures="0" tests="3" name="TestNG.Ann" time="51.665" errors="0" timestamp="2023-10-06T15:15:22 BST" skipped="0">
  <testcase classname="TestNG.Ann" name="snapdeal" time="26.344"/>
  <testcase classname="TestNG.Ann" name="facebook" time="12.687"/>
  <testcase classname="TestNG.Ann" name="amazon" time="12.634"/>
</testsuite> <!-- TestNG.Ann -->
