<?xml version="1.0" encoding="UTF-8"?>
<!-- Generated by org.testng.reporters.JUnitReportReporter -->
<testsuite hostname="DESKTOP-MA0478G" failures="0" tests="1" name="TestNG_Failing.Facebook" time="7.175" errors="0" timestamp="2023-10-06T16:21:32 BST" skipped="0">
  <testcase classname="TestNG_Failing.Facebook" name="Fb" time="7.175"/>
</testsuite> <!-- TestNG_Failing.Facebook -->
