<?xml version="1.0" encoding="UTF-8"?>
<!-- Generated by org.testng.reporters.JUnitReportReporter -->
<testsuite hostname="DESKTOP-MA0478G" failures="0" tests="1" name="TestNG_Sequential.facebook" time="15.460" errors="0" timestamp="2023-10-04T16:27:00 BST" skipped="0">
  <testcase classname="TestNG_Sequential.facebook" name="fb" time="15.460"/>
</testsuite> <!-- TestNG_Sequential.facebook -->
