<?xml version="1.0" encoding="UTF-8"?>
<!-- Generated by org.testng.reporters.JUnitReportReporter -->
<testsuite hostname="DESKTOP-MA0478G" failures="0" tests="1" name="TestNG_Parallel.snapDeal" time="47.190" errors="0" timestamp="2023-10-05T15:01:50 BST" skipped="0">
  <testcase classname="TestNG_Parallel.snapDeal" name="SD" time="47.190"/>
</testsuite> <!-- TestNG_Parallel.snapDeal -->
