<?xml version="1.0" encoding="UTF-8"?>
<!-- Generated by org.testng.reporters.JUnitReportReporter -->
<testsuite hostname="DESKTOP-MA0478G" failures="0" tests="1" name="TestNG_Group.Sample1" time="0.005" errors="0" timestamp="2023-10-05T15:57:41 BST" skipped="0">
  <testcase classname="TestNG_Group.Sample1" name="demo2" time="0.005"/>
</testsuite> <!-- TestNG_Group.Sample1 -->
