<?xml version="1.0" encoding="UTF-8"?>
<!-- Generated by org.testng.reporters.JUnitReportReporter -->
<testsuite hostname="DESKTOP-MA0478G" failures="0" tests="1" name="TestNG_Parallel.amazon" time="38.592" errors="0" timestamp="2023-10-05T15:01:50 BST" skipped="0">
  <testcase classname="TestNG_Parallel.amazon" name="Amz" time="38.592"/>
</testsuite> <!-- TestNG_Parallel.amazon -->
