<?xml version="1.0" encoding="UTF-8"?>
<!-- Generated by org.testng.reporters.JUnitReportReporter -->
<testsuite hostname="DESKTOP-MA0478G" failures="0" tests="6" name="TestNG.Priority_invocation_Enabled" time="0.041" errors="0" timestamp="2023-10-04T15:48:00 BST" skipped="1">
  <testcase classname="TestNG.Priority_invocation_Enabled" name="demo2" time="0.007"/>
  <testcase classname="TestNG.Priority_invocation_Enabled" name="demo2" time="0.015"/>
  <testcase classname="TestNG.Priority_invocation_Enabled" name="demo2" time="0.008"/>
  <testcase classname="TestNG.Priority_invocation_Enabled" name="demo1" time="0.004"/>
  <testcase classname="TestNG.Priority_invocation_Enabled" name="demo1" time="0.007"/>
  <testcase classname="TestNG.Priority_invocation_Enabled" name="demo3">
    <skipped/>
  </testcase> <!-- demo3 -->
</testsuite> <!-- TestNG.Priority_invocation_Enabled -->
