<?xml version="1.0" encoding="UTF-8"?>
<!-- Generated by org.testng.reporters.JUnitReportReporter -->
<testsuite hostname="DESKTOP-MA0478G" failures="0" tests="1" name="TestNG_Sequential.amazon" time="21.796" errors="0" timestamp="2023-10-04T16:27:00 BST" skipped="0">
  <testcase classname="TestNG_Sequential.amazon" name="amon" time="21.796"/>
</testsuite> <!-- TestNG_Sequential.amazon -->
