<?xml version="1.0" encoding="UTF-8"?>
<!-- Generated by org.testng.reporters.JUnitReportReporter -->
<testsuite hostname="DESKTOP-MA0478G" failures="0" tests="2" name="TestNG_Group.Sample2" time="0.022" errors="0" timestamp="2023-10-05T15:57:41 BST" skipped="0">
  <testcase classname="TestNG_Group.Sample2" name="demo6" time="0.004"/>
  <testcase classname="TestNG_Group.Sample2" name="demo4" time="0.018"/>
</testsuite> <!-- TestNG_Group.Sample2 -->
