<?xml version="1.0" encoding="UTF-8"?>
<!-- Generated by org.testng.reporters.JUnitReportReporter -->
<testsuite hostname="DESKTOP-MA0478G" failures="0" tests="1" name="TestNG_Parallel.facebook" time="56.127" errors="0" timestamp="2023-10-05T15:01:50 BST" skipped="0">
  <testcase classname="TestNG_Parallel.facebook" name="fb" time="56.127"/>
</testsuite> <!-- TestNG_Parallel.facebook -->
