<?xml version="1.0" encoding="UTF-8"?>
<!-- Generated by org.testng.reporters.JUnitReportReporter -->
<testsuite hostname="DESKTOP-MA0478G" failures="0" tests="2" name="TestNG_Parallel.Facebook_compatibility" time="25.502" errors="0" timestamp="2023-10-05T15:39:14 BST" skipped="0">
  <testcase classname="TestNG_Parallel.Facebook_compatibility" name="fbc" time="14.929"/>
  <testcase classname="TestNG_Parallel.Facebook_compatibility" name="fbc" time="10.573"/>
</testsuite> <!-- TestNG_Parallel.Facebook_compatibility -->
